<?xml version='1.0' encoding='UTF-8'?>
<testsuite hostname="Pablo" name="PurchaseDataProcessorSpec" tests="5" errors="0" failures="0" skipped="0" time="6.083" timestamp="2025-05-20T11:14:23">
          <properties>
[...]
</properties>
          <testcase classname="PurchaseDataProcessorSpec" name="testValidInputProcessing" time="5.067">
                      
                    </testcase><testcase classname="PurchaseDataProcessorSpec" name="testNullValuesAreFiltered" time="0.116">
                      
                    </testcase><testcase classname="PurchaseDataProcessorSpec" name="testInvalidDateFormatIsIgnored" time="0.339">
                      
                    </testcase><testcase classname="PurchaseDataProcessorSpec" name="testEmptyDatasetReturnsEmpty" time="0.379">
                      
                    </testcase><testcase classname="PurchaseDataProcessorSpec" name="testAllInvalidReturnsEmpty" time="0.182">
                      
                    </testcase>
          <system-out><![CDATA[]]></system-out>
          <system-err><![CDATA[]]></system-err>
        </testsuite>